<?xml version="1.0" encoding="UTF-8"?>
<!-- Generated by org.testng.reporters.JUnitReportReporter -->
<testsuite hostname="DESKTOP-TD3KLSF" failures="0" tests="1" name="assertions.ValidationExample" time="9.099" errors="0" timestamp="2024-02-29T18:37:15 IST" skipped="0">
  <testcase classname="assertions.ValidationExample" name="seleniumValidation" time="9.099"/>
</testsuite> <!-- assertions.ValidationExample -->
