<?xml version="1.0" encoding="UTF-8"?>
<!-- Generated by org.testng.reporters.JUnitReportReporter -->
<testsuite hostname="DESKTOP-TD3KLSF" failures="0" tests="3" name="handlingUIelement.WebTesting" time="0.099" errors="0" timestamp="2024-02-23T19:40:38 IST" skipped="0">
  <testcase classname="handlingUIelement.WebTesting" name="firstWebTest" time="0.056"/>
  <testcase classname="handlingUIelement.WebTesting" name="secondWebTest" time="0.027"/>
  <testcase classname="handlingUIelement.WebTesting" name="lasttest" time="0.016"/>
</testsuite> <!-- handlingUIelement.WebTesting -->
