<?xml version="1.0" encoding="UTF-8"?>
<!-- Generated by org.testng.reporters.JUnitReportReporter -->
<testsuite hostname="DESKTOP-TD3KLSF" failures="0" tests="3" name="testNg.WebTesting" time="0.072" errors="0" timestamp="2024-02-23T20:20:04 IST" skipped="0">
  <testcase classname="testNg.WebTesting" name="firstWebTest" time="0.028"/>
  <testcase classname="testNg.WebTesting" name="secondWebTest" time="0.025"/>
  <testcase classname="testNg.WebTesting" name="lasttest" time="0.019"/>
</testsuite> <!-- testNg.WebTesting -->
