<?xml version="1.0" encoding="UTF-8"?>
<!-- Generated by org.testng.reporters.JUnitReportReporter -->
<testsuite hostname="DESKTOP-TD3KLSF" failures="0" tests="2" name="testNg.MobileTesting" time="0.014" errors="0" timestamp="2024-02-23T20:20:04 IST" skipped="0">
  <testcase classname="testNg.MobileTesting" name="firstMobileTest" time="0.007"/>
  <testcase classname="testNg.MobileTesting" name="secondMobileTest" time="0.007"/>
</testsuite> <!-- testNg.MobileTesting -->
